<?xml version="1.0" encoding="UTF-8"?>
<!-- Generated by org.testng.reporters.JUnitXMLReporter -->
<testsuite ignored="0" hostname="SUCSekhar98" failures="0" tests="3" name="Default test" time="18.533" errors="0" timestamp="2024-05-23T20:41:12 IST">
  <testcase classname="UmaSangada.Tests.ModifiedE2e" name="submitorder" time="4.797"/>
  <testcase classname="UmaSangada.Tests.ModifiedE2e" name="submitorder" time="3.447"/>
  <testcase classname="UmaSangada.Tests.ModifiedE2e" name="orderhistory" time="0.76"/>
</testsuite> <!-- Default test -->
