<?xml version="1.0" encoding="UTF-8"?>
<!-- Generated by org.testng.reporters.JUnitXMLReporter -->
<testsuite ignored="2" hostname="SUCSekhar98" failures="0" tests="0" time="0.02" errors="0" timestamp="2024-08-10T10:00:06 IST">
  <testcase classname="UmaSangada.Tests.ModifiedE2e" name="orderhistory" time="0.0">
    <ignored/>
  </testcase> <!-- orderhistory -->
  <testcase classname="UmaSangada.Tests.ModifiedE2e" name="submitorder" time="0.0">
    <ignored/>
  </testcase> <!-- submitorder -->
</testsuite>
