<?xml version="1.0" encoding="UTF-8"?>
<!-- Generated by org.testng.reporters.JUnitXMLReporter -->
<testsuite ignored="0" hostname="SUCSekhar98" failures="1" tests="2" name="error validation" time="6.275" errors="0" timestamp="2024-08-10T10:00:12 IST">
  <testcase classname="UmaSangada.Tests.ErrorValidation" name="loginErrorValidation" time="0.695">
    <skipped/>
  </testcase> <!-- loginErrorValidation -->
  <testcase classname="UmaSangada.Tests.ErrorValidation" name="loginErrorValidation" time="0.68">
    <failure type="java.lang.AssertionError" message="expected [Incorrect email or password.] but found [Incorrect email o password.]">
      <![CDATA[java.lang.AssertionError: expected [Incorrect email or password.] but found [Incorrect email o password.]
at UmaSangada.Tests.ErrorValidation.loginErrorValidation(ErrorValidation.java:19)
at java.base/java.util.ArrayList.forEach(ArrayList.java:1511)
at java.base/java.util.concurrent.FutureTask.run(FutureTask.java:264)
at java.base/java.util.concurrent.ThreadPoolExecutor.runWorker(ThreadPoolExecutor.java:1136)
at java.base/java.util.concurrent.ThreadPoolExecutor$Worker.run(ThreadPoolExecutor.java:635)
at java.base/java.lang.Thread.run(Thread.java:840)
... Removed 23 stack frames]]>
    </failure>
  </testcase> <!-- loginErrorValidation -->
</testsuite> <!-- error validation -->
