<?xml version="1.0" encoding="UTF-8"?>
<!-- Generated by org.testng.reporters.JUnitXMLReporter -->
<testsuite ignored="0" hostname="SUCSekhar98" failures="0" tests="4" name="complete e2e tes" time="22.867" errors="0" timestamp="2024-08-10T11:03:35 IST">
  <testcase classname="UmaSangada.Tests.ModifiedE2e" name="submitorder" time="3.925"/>
  <testcase classname="UmaSangada.Tests.ModifiedE2e" name="submitorder" time="3.599"/>
  <testcase classname="UmaSangada.Tests.ModifiedE2e" name="orderhistory" time="0.905"/>
  <testcase classname="UmaSangada.Tests.ModifiedE2e" name="orderhistory" time="0.869"/>
</testsuite> <!-- complete e2e tes -->
